2014/04/25 11:16:22 [error] [exception.CDbException] could not find driver
2014/04/25 11:16:22 [error] [exception.CDbException] exception 'CDbException' with message 'CDbConnection failed to open the DB connection.' in /var/www/yii/framework/db/CDbConnection.php:387
Stack trace:
#0 /var/www/yii/framework/db/CDbConnection.php(330): CDbConnection->open()
#1 /var/www/yii/framework/db/CDbConnection.php(308): CDbConnection->setActive(true)
#2 /var/www/yii/framework/base/CModule.php(387): CDbConnection->init()
#3 /var/www/yii/framework/base/CApplication.php(438): CModule->getComponent('db')
#4 /var/www/yii/framework/db/ar/CActiveRecord.php(623): CApplication->getDb()
#5 /var/www/yii/framework/db/ar/CActiveRecord.php(2309): CActiveRecord->getDbConnection()
#6 /var/www/yii/framework/db/ar/CActiveRecord.php(387): CActiveRecordMetaData->__construct(Object(Post))
#7 /var/www/yii/framework/web/CActiveDataProvider.php(74): CActiveRecord::model('Post')
#8 /var/www/yii/demos/blog/protected/controllers/PostController.php(132): CActiveDataProvider->__construct('Post', Array)
#9 /var/www/yii/framework/web/actions/CInlineAction.php(49): PostController->actionIndex()
#10 /var/www/yii/framework/web/CController.php(308): CInlineAction->runWithParams(Array)
#11 /var/www/yii/framework/web/filters/CFilterChain.php(133): CController->runAction(Object(CInlineAction))
#12 /var/www/yii/framework/web/filters/CFilter.php(40): CFilterChain->run()
#13 /var/www/yii/framework/web/CController.php(1145): CFilter->filter(Object(CFilterChain))
#14 /var/www/yii/framework/web/filters/CInlineFilter.php(58): CController->filterAccessControl(Object(CFilterChain))
#15 /var/www/yii/framework/web/filters/CFilterChain.php(130): CInlineFilter->filter(Object(CFilterChain))
#16 /var/www/yii/framework/web/CController.php(291): CFilterChain->run()
#17 /var/www/yii/framework/web/CController.php(265): CController->runActionWithFilters(Object(CInlineAction), Array)
#18 /var/www/yii/framework/web/CWebApplication.php(282): CController->run('')
#19 /var/www/yii/framework/web/CWebApplication.php(141): CWebApplication->runController('')
#20 /var/www/yii/framework/base/CApplication.php(169): CWebApplication->processRequest()
#21 /var/www/yii/demos/blog/index.php(11): CApplication->run()
#22 {main}
REQUEST_URI=/yii/demos/blog/
HTTP_REFERER=http://localhost/yii/demos/
---
2014/04/25 11:16:35 [error] [php] date(): It is not safe to rely on the system's timezone settings. You are *required* to use the date.timezone setting or the date_default_timezone_set() function. In case you used any of those methods and you are still getting this warning, you most likely misspelled the timezone identifier. We selected the timezone 'UTC' for now, but please set date.timezone to select your timezone. (/var/www/yii/demos/blog/protected/views/layouts/main.php:47)
Stack trace:
#0 /var/www/yii/framework/web/CBaseController.php(95): SiteController->renderInternal()
#1 /var/www/yii/framework/web/widgets/CContentDecorator.php(76): SiteController->renderFile()
#2 /var/www/yii/framework/web/widgets/CContentDecorator.php(54): CContentDecorator->decorate()
#3 /var/www/yii/framework/web/widgets/COutputProcessor.php(44): CContentDecorator->processOutput()
#4 /var/www/yii/framework/web/CBaseController.php(206): CContentDecorator->run()
#5 /var/www/yii/framework/web/CBaseController.php(300): SiteController->endWidget()
#6 /var/www/yii/demos/blog/protected/views/layouts/column1.php(7): SiteController->endContent()
#7 /var/www/yii/framework/web/CBaseController.php(126): require()
#8 /var/www/yii/framework/web/CBaseController.php(95): SiteController->renderInternal()
#9 /var/www/yii/framework/web/CController.php(784): SiteController->renderFile()
#10 /var/www/yii/demos/blog/protected/controllers/SiteController.php(86): SiteController->render()
#11 /var/www/yii/framework/web/actions/CInlineAction.php(49): SiteController->actionLogin()
#12 /var/www/yii/framework/web/CController.php(308): CInlineAction->runWithParams()
#13 /var/www/yii/framework/web/CController.php(286): SiteController->runAction()
#14 /var/www/yii/framework/web/CController.php(265): SiteController->runActionWithFilters()
#15 /var/www/yii/framework/web/CWebApplication.php(282): SiteController->run()
#16 /var/www/yii/framework/web/CWebApplication.php(141): CWebApplication->runController()
#17 /var/www/yii/framework/base/CApplication.php(169): CWebApplication->processRequest()
#18 /var/www/yii/demos/blog/index.php(11): CWebApplication->run()
REQUEST_URI=/yii/demos/blog/index.php/site/login
2014/04/25 11:18:18 [error] [exception.CDbException] could not find driver
2014/04/25 11:18:18 [error] [exception.CDbException] exception 'CDbException' with message 'CDbConnection failed to open the DB connection.' in /var/www/yii/framework/db/CDbConnection.php:387
Stack trace:
#0 /var/www/yii/framework/db/CDbConnection.php(330): CDbConnection->open()
#1 /var/www/yii/framework/db/CDbConnection.php(308): CDbConnection->setActive(true)
#2 /var/www/yii/framework/base/CModule.php(387): CDbConnection->init()
#3 /var/www/yii/framework/base/CApplication.php(438): CModule->getComponent('db')
#4 /var/www/yii/framework/db/ar/CActiveRecord.php(623): CApplication->getDb()
#5 /var/www/yii/framework/db/ar/CActiveRecord.php(2309): CActiveRecord->getDbConnection()
#6 /var/www/yii/framework/db/ar/CActiveRecord.php(387): CActiveRecordMetaData->__construct(Object(Post))
#7 /var/www/yii/framework/web/CActiveDataProvider.php(74): CActiveRecord::model('Post')
#8 /var/www/yii/demos/blog/protected/controllers/PostController.php(132): CActiveDataProvider->__construct('Post', Array)
#9 /var/www/yii/framework/web/actions/CInlineAction.php(49): PostController->actionIndex()
#10 /var/www/yii/framework/web/CController.php(308): CInlineAction->runWithParams(Array)
#11 /var/www/yii/framework/web/filters/CFilterChain.php(133): CController->runAction(Object(CInlineAction))
#12 /var/www/yii/framework/web/filters/CFilter.php(40): CFilterChain->run()
#13 /var/www/yii/framework/web/CController.php(1145): CFilter->filter(Object(CFilterChain))
#14 /var/www/yii/framework/web/filters/CInlineFilter.php(58): CController->filterAccessControl(Object(CFilterChain))
#15 /var/www/yii/framework/web/filters/CFilterChain.php(130): CInlineFilter->filter(Object(CFilterChain))
#16 /var/www/yii/framework/web/CController.php(291): CFilterChain->run()
#17 /var/www/yii/framework/web/CController.php(265): CController->runActionWithFilters(Object(CInlineAction), Array)
#18 /var/www/yii/framework/web/CWebApplication.php(282): CController->run('index')
#19 /var/www/yii/framework/web/CWebApplication.php(141): CWebApplication->runController('post/index')
#20 /var/www/yii/framework/base/CApplication.php(169): CWebApplication->processRequest()
#21 /var/www/yii/demos/blog/index.php(11): CApplication->run()
#22 {main}
REQUEST_URI=/yii/demos/blog/index.php/post/index
HTTP_REFERER=http://localhost/yii/demos/blog/index.php/site/login
---
2014/04/25 11:18:19 [error] [exception.CDbException] could not find driver
2014/04/25 11:18:19 [error] [exception.CDbException] exception 'CDbException' with message 'CDbConnection failed to open the DB connection.' in /var/www/yii/framework/db/CDbConnection.php:387
Stack trace:
#0 /var/www/yii/framework/db/CDbConnection.php(330): CDbConnection->open()
#1 /var/www/yii/framework/db/CDbConnection.php(308): CDbConnection->setActive(true)
#2 /var/www/yii/framework/base/CModule.php(387): CDbConnection->init()
#3 /var/www/yii/framework/base/CApplication.php(438): CModule->getComponent('db')
#4 /var/www/yii/framework/db/ar/CActiveRecord.php(623): CApplication->getDb()
#5 /var/www/yii/framework/db/ar/CActiveRecord.php(2309): CActiveRecord->getDbConnection()
#6 /var/www/yii/framework/db/ar/CActiveRecord.php(387): CActiveRecordMetaData->__construct(Object(Post))
#7 /var/www/yii/framework/web/CActiveDataProvider.php(74): CActiveRecord::model('Post')
#8 /var/www/yii/demos/blog/protected/controllers/PostController.php(132): CActiveDataProvider->__construct('Post', Array)
#9 /var/www/yii/framework/web/actions/CInlineAction.php(49): PostController->actionIndex()
#10 /var/www/yii/framework/web/CController.php(308): CInlineAction->runWithParams(Array)
#11 /var/www/yii/framework/web/filters/CFilterChain.php(133): CController->runAction(Object(CInlineAction))
#12 /var/www/yii/framework/web/filters/CFilter.php(40): CFilterChain->run()
#13 /var/www/yii/framework/web/CController.php(1145): CFilter->filter(Object(CFilterChain))
#14 /var/www/yii/framework/web/filters/CInlineFilter.php(58): CController->filterAccessControl(Object(CFilterChain))
#15 /var/www/yii/framework/web/filters/CFilterChain.php(130): CInlineFilter->filter(Object(CFilterChain))
#16 /var/www/yii/framework/web/CController.php(291): CFilterChain->run()
#17 /var/www/yii/framework/web/CController.php(265): CController->runActionWithFilters(Object(CInlineAction), Array)
#18 /var/www/yii/framework/web/CWebApplication.php(282): CController->run('index')
#19 /var/www/yii/framework/web/CWebApplication.php(141): CWebApplication->runController('post/index')
#20 /var/www/yii/framework/base/CApplication.php(169): CWebApplication->processRequest()
#21 /var/www/yii/demos/blog/index.php(11): CApplication->run()
#22 {main}
REQUEST_URI=/yii/demos/blog/index.php/post/index
HTTP_REFERER=http://localhost/yii/demos/blog/index.php/post/index
---
